{"/Users/coreyryan/data/dali/easy-service-principal/lib/easy-principal.ts": {"path":"/Users/coreyryan/data/dali/easy-service-principal/lib/easy-principal.ts","statementMap":{"0":{"start":{"line":28,"column":2},"end":{"line":28,"column":22}},"1":{"start":{"line":29,"column":2},"end":{"line":29,"column":15}},"2":{"start":{"line":30,"column":2},"end":{"line":30,"column":21}},"3":{"start":{"line":1,"column":57},"end":{"line":1,"column":null}},"4":{"start":{"line":2,"column":40},"end":{"line":2,"column":null}},"5":{"start":{"line":7,"column":22},"end":{"line":7,"column":38}},"6":{"start":{"line":10,"column":28},"end":{"line":14,"column":49}},"7":{"start":{"line":11,"column":20},"end":{"line":11,"column":23}},"8":{"start":{"line":12,"column":2},"end":{"line":12,"column":null}},"9":{"start":{"line":13,"column":2},"end":{"line":13,"column":null}},"10":{"start":{"line":16,"column":0},"end":{"line":24,"column":null}},"11":{"start":{"line":19,"column":4},"end":{"line":19,"column":null}},"12":{"start":{"line":19,"column":61},"end":{"line":19,"column":112}},"13":{"start":{"line":22,"column":4},"end":{"line":22,"column":null}}},"fnMap":{"0":{"name":"(anonymous_1)","decl":{"start":{"line":28,"column":22},"end":{"line":28,"column":null}},"loc":{"start":{"line":28,"column":2},"end":{"line":28,"column":22}}},"1":{"name":"(anonymous_2)","decl":{"start":{"line":29,"column":15},"end":{"line":29,"column":null}},"loc":{"start":{"line":29,"column":2},"end":{"line":29,"column":15}}},"2":{"name":"(anonymous_3)","decl":{"start":{"line":30,"column":21},"end":{"line":30,"column":null}},"loc":{"start":{"line":30,"column":2},"end":{"line":30,"column":21}}},"3":{"name":"(anonymous_4)","decl":{"start":{"line":10,"column":47},"end":{"line":10,"column":48}},"loc":{"start":{"line":10,"column":65},"end":{"line":14,"column":3}}},"4":{"name":"(anonymous_5)","decl":{"start":{"line":18,"column":2},"end":{"line":18,"column":9}},"loc":{"start":{"line":18,"column":72},"end":{"line":20,"column":null}}},"5":{"name":"(anonymous_6)","decl":{"start":{"line":19,"column":50},"end":{"line":19,"column":57}},"loc":{"start":{"line":19,"column":61},"end":{"line":19,"column":112}}},"6":{"name":"(anonymous_7)","decl":{"start":{"line":21,"column":2},"end":{"line":21,"column":9}},"loc":{"start":{"line":21,"column":97},"end":{"line":23,"column":null}}}},"branchMap":{},"s":{"0":1,"1":0,"2":0,"3":1,"4":1,"5":1,"6":1,"7":40,"8":40,"9":40,"10":1,"11":1,"12":2,"13":2},"f":{"0":1,"1":0,"2":0,"3":40,"4":1,"5":2,"6":2},"b":{}}
,"/Users/coreyryan/data/dali/easy-service-principal/lib/services.ts": {"path":"/Users/coreyryan/data/dali/easy-service-principal/lib/services.ts","statementMap":{"0":{"start":{"line":45,"column":21},"end":{"line":45,"column":32}},"1":{"start":{"line":1,"column":20},"end":{"line":42,"column":1}}},"fnMap":{"0":{"name":"(anonymous_0)","decl":{"start":{"line":45,"column":21},"end":{"line":45,"column":32}},"loc":{"start":{"line":45,"column":21},"end":{"line":45,"column":32}}}},"branchMap":{},"s":{"0":1,"1":1},"f":{"0":1},"b":{}}
}
