TN:
SF:lib/easy-principal.ts
FN:28,(anonymous_1)
FN:29,(anonymous_2)
FN:30,(anonymous_3)
FN:10,(anonymous_4)
FN:18,(anonymous_5)
FN:19,(anonymous_6)
FN:21,(anonymous_7)
FNF:7
FNH:5
FNDA:1,(anonymous_1)
FNDA:0,(anonymous_2)
FNDA:0,(anonymous_3)
FNDA:40,(anonymous_4)
FNDA:1,(anonymous_5)
FNDA:2,(anonymous_6)
FNDA:2,(anonymous_7)
DA:1,1
DA:2,1
DA:7,1
DA:10,1
DA:11,40
DA:12,40
DA:13,40
DA:16,1
DA:19,2
DA:22,2
DA:28,1
DA:29,0
DA:30,0
LF:13
LH:11
BRF:0
BRH:0
end_of_record
TN:
SF:lib/services.ts
FN:45,(anonymous_0)
FNF:1
FNH:1
FNDA:1,(anonymous_0)
DA:1,1
DA:45,1
LF:2
LH:2
BRF:0
BRH:0
end_of_record
